set -x
set -e 
813 / 5,000
Translation results
set -e：启用所有命令的检查。 如果命令因错误而退出并且调用者未检查此类错误，则脚本将立即中止。 启用此功能将使您的脚本更加健壮。 但是不要等到你的脚本“完成”后才设置标志，因为修复脚本以启用此功能将是一场噩梦。 只需将 set -e 写为代码的第一行； 好吧……在炮弹爆炸之后。
set -x：如果您正在编写简单的脚本，这些脚本旨在为一些任务的执行编写脚本（而不是用 shell 编写的完整程序），请设置此标志以跟踪所有命令的执行。 这将使解释器在执行之前打印每个命令，因此它将帮助您了解任何时间点发生的事情。 
if [-z "$1"] 
if [ ! -f "$JENKINS_INPUT_JOB_LIST" ]
if [ -d "$JENKINS_HOME" ]


xx=$(basename "$i")
grep -E -i
cut -d: -f2
sed 's/ //'
cut -f1 -d'.'

    for i in "$xx_DIR"/*/; do
        xxxxxx=$(basename "$i") 
 	done >"$TEMP_xxx"







-  delete note by inode number
rm \"la\*
ls -i
7404301 "la*
find . -maxdepth 1 -type f -inum 7404301
./"la*
find . -maxdepth 1 -type f -inum 7404301 -delete
find ./ -type f  -name "a*"

ssh auto done

#!/bin/sh -x

if [ -z "$aaa_SSH_KEY" ]; then
    # if   ssh using default keyfile
    ssh "$@"
else
    if [[ $1 =~ "ops-bbbbb" ]]; then
      ssh -i "$aaaaa_JENKINS_SSH_KEY" "$@"
    else
      ssh -i "$bbbbb_SLAVE_SSH_KEY" "$@"
    fi
fi




du hd 1
du -h --max-depth=1

#!/bin/bash
errorinfo=`cat error.txt`
if [ "$errorinfo"=="Error Log" ]
then
  echo "could not xx is running now"
  exit 0
else
  echo "successful now"
  exit 0
fi

[ -s error.txt ] && echo "file has something" || echo "file is empty"

find . -type f -size +1M
find ./ -type f -name "*.ttf" -delete






set -e: exits if a command fails
set -u: errors if an variable is referenced before being set
set -x: shows the commands that get run

df -aTh
ps -aux --sort -pcpu,+pmem | head -n 10

linux sed -i 's/release\@xx.com/xxx\@xxx.com/g' *
mac:
LC_ALL=C find ./ -type f -exec  sed -i '' -e "s/xxx@xx.com/xxxxxxx@xx.com/" {} \; 

find . -maxdepth 1 -mindepth 1 -type d -exec du -hs  {} \;\

find . -maxdepth 3 -mindepth 1 -type d -exec du -hs  {} \;

xx4 users | sed -r 's/\(\S+\s*\S+\s*\S+\s*\S+\)//' | awk '{ print $1 , $2 , $4 }' | tr -d "/" | sort -k 3n | head -n 30





cat a | tr , \\n | awk '{print $3}' | sort  | grep @aa| sort | sed 's/@aa.com//g' | sort 
cat b | sed 's/<//g' | sed 's/>//g' |tr '[:upper:]' '[:lower:]'  | sort
cat a | tr '[:upper:]' '[:lower:]'  | tr ">" \\n | sed 's/(bb)//g' | sed 's/@aa.com//g' |sed 's/@bb.com//g' | sed 's/@cc.com//g' | awk '{print$NF}'  | sed 's/<//g'| sort 

cat a | tr '[:upper:]' '[:lower:]'  | tr ">" \\n | sed 's/(bb)//g' | sed 's/,//g' | sed 's/<//g' |sort
