how to check the build env , by injectedenvvars

https://jenkins.xxx.net/job/xxx-server/6/injectedEnvVars/


hudson-wsclean-plug
ws-cleanup  hudson.plugins.ws_cleanup  cleanWs()
git-lfs-setup-in-jenkins   preSCMbuildstep  git lfs install

https://jenkinsci.github.io/job-dsl-plugin/#method/javaposse.jobdsl.dsl.jobs.FreeStyleJob.quietPeriod

job('example') {
    quietPeriod(1800)
}




stop huge jenkins jobs
- 
import hudson.model.*
def queue = Hudson.instance.queue
queue.clear()




def prevBuild = currentBuild.getPreviousBuild()
if (!prevBuild || prevBuild.result != hudson.model.Result.SUCCESS) {
  println 'Forcing clean build.'
  def map = ["CLEAN_BUILD": "true"]
  return map
}




import hudson.model.*
def job = Jenkins.getInstance().getItem("demo")
job.updateNextBuildNumber(292)
println "NextBuildNumber of " + job.name + " set to " + job.getNextBuildNumber()
 
 
